# JRE version: OpenJDK Runtime Environment Temurin-21.0.9+10 (21.0.9+10) (build 21.0.9+10-LTS)
# Java VM: OpenJDK 64-Bit Server VM Temurin-21.0.9+10 (21.0.9+10-LTS, mixed mode, sharing, tiered, compressed oops, compressed class ptrs, parallel gc, windows-amd64)
GC Precious Log:
 CardTable entry size: 512
 CPUs: 12 total, 12 available
 Memory: 7863M
 Large Page Support: Disabled
 NUMA Support: Disabled
 Compressed Oops: Enabled (32-bit)
 Alignments: Space 512K, Generation 512K, Heap 2M
 Heap Min Capacity: 100M
 Heap Initial Capacity: 100M
 Heap Max Capacity: 2G
 Pre-touch: Disabled
 Parallel Workers: 10
Heap:
 PSYoungGen      total 18432K, used 9361K [0x00000000d5580000, 0x00000000d6980000, 0x0000000100000000)
  eden space 17408K, 53% used [0x00000000d5580000,0x00000000d5ea4558,0x00000000d6680000)
  from space 1024K, 0% used [0x00000000d6880000,0x00000000d6880000,0x00000000d6980000)
  to   space 1536K, 0% used [0x00000000d6680000,0x00000000d6680000,0x00000000d6800000)
 ParOldGen       total 68608K, used 41537K [0x0000000080000000, 0x0000000084300000, 0x00000000d5580000)
  object space 68608K, 60% used [0x0000000080000000,0x00000000828905e8,0x0000000084300000)
 Metaspace       used 59151K, committed 60736K, reserved 1114112K
  class space    used 6456K, committed 7168K, reserved 1048576K
GC Heap History (20 events):
Event: 10.656 GC heap before
{Heap before GC invocations=30 (full 2):
 PSYoungGen      total 19456K, used 18196K [0x00000000d5580000, 0x00000000d6980000, 0x0000000100000000)
  eden space 17408K, 100% used [0x00000000d5580000,0x00000000d6680000,0x00000000d6680000)
  from space 2048K, 38% used [0x00000000d6680000,0x00000000d67453c8,0x00000000d6880000)
  to   space 1024K, 0% used [0x00000000d6880000,0x00000000d6880000,0x00000000d6980000)
 ParOldGen       total 68608K, used 37742K [0x0000000080000000, 0x0000000084300000, 0x00000000d5580000)
  object space 68608K, 55% used [0x0000000080000000,0x00000000824dbaa8,0x0000000084300000)
 Metaspace       used 50827K, committed 52096K, reserved 1114112K
  class space    used 5632K, committed 6144K, reserved 1048576K
}
Event: 10.657 GC heap after
{Heap after GC invocations=30 (full 2):
 PSYoungGen      total 17920K, used 416K [0x00000000d5580000, 0x00000000d6900000, 0x0000000100000000)
  eden space 17408K, 0% used [0x00000000d5580000,0x00000000d5580000,0x00000000d6680000)
  from space 512K, 81% used [0x00000000d6880000,0x00000000d68e8000,0x00000000d6900000)
  to   space 1024K, 0% used [0x00000000d6700000,0x00000000d6700000,0x00000000d6800000)
 ParOldGen       total 68608K, used 38394K [0x0000000080000000, 0x0000000084300000, 0x00000000d5580000)
  object space 68608K, 55% used [0x0000000080000000,0x000000008257e9a8,0x0000000084300000)
 Metaspace       used 50827K, committed 52096K, reserved 1114112K
  class space    used 5632K, committed 6144K, reserved 1048576K
}
Event: 10.975 GC heap before
{Heap before GC invocations=31 (full 2):
 PSYoungGen      total 17920K, used 17824K [0x00000000d5580000, 0x00000000d6900000, 0x0000000100000000)
  eden space 17408K, 100% used [0x00000000d5580000,0x00000000d6680000,0x00000000d6680000)
  from space 512K, 81% used [0x00000000d6880000,0x00000000d68e8000,0x00000000d6900000)
  to   space 1024K, 0% used [0x00000000d6700000,0x00000000d6700000,0x00000000d6800000)
 ParOldGen       total 68608K, used 38394K [0x0000000080000000, 0x0000000084300000, 0x00000000d5580000)
  object space 68608K, 55% used [0x0000000080000000,0x000000008257e9a8,0x0000000084300000)
 Metaspace       used 52976K, committed 54272K, reserved 1114112K
  class space    used 5825K, committed 6400K, reserved 1048576K
}
Event: 10.976 GC heap after
{Heap after GC invocations=31 (full 2):
 PSYoungGen      total 18432K, used 608K [0x00000000d5580000, 0x00000000d6900000, 0x0000000100000000)
  eden space 17408K, 0% used [0x00000000d5580000,0x00000000d5580000,0x00000000d6680000)
  from space 1024K, 59% used [0x00000000d6700000,0x00000000d6798010,0x00000000d6800000)
  to   space 1024K, 0% used [0x00000000d6800000,0x00000000d6800000,0x00000000d6900000)
 ParOldGen       total 68608K, used 38650K [0x0000000080000000, 0x0000000084300000, 0x00000000d5580000)
  object space 68608K, 56% used [0x0000000080000000,0x00000000825be9a8,0x0000000084300000)
 Metaspace       used 52976K, committed 54272K, reserved 1114112K
  class space    used 5825K, committed 6400K, reserved 1048576K
}
Event: 12.249 GC heap before
{Heap before GC invocations=32 (full 2):
 PSYoungGen      total 18432K, used 18016K [0x00000000d5580000, 0x00000000d6900000, 0x0000000100000000)
  eden space 17408K, 100% used [0x00000000d5580000,0x00000000d6680000,0x00000000d6680000)
  from space 1024K, 59% used [0x00000000d6700000,0x00000000d6798010,0x00000000d6800000)
  to   space 1024K, 0% used [0x00000000d6800000,0x00000000d6800000,0x00000000d6900000)
 ParOldGen       total 68608K, used 38650K [0x0000000080000000, 0x0000000084300000, 0x00000000d5580000)
  object space 68608K, 56% used [0x0000000080000000,0x00000000825be9e8,0x0000000084300000)
 Metaspace       used 54672K, committed 56064K, reserved 1114112K
  class space    used 6030K, committed 6656K, reserved 1048576K
}
Event: 12.251 GC heap after
{Heap after GC invocations=32 (full 2):
 PSYoungGen      total 18432K, used 960K [0x00000000d5580000, 0x00000000d6980000, 0x0000000100000000)
  eden space 17408K, 0% used [0x00000000d5580000,0x00000000d5580000,0x00000000d6680000)
  from space 1024K, 93% used [0x00000000d6800000,0x00000000d68f0040,0x00000000d6900000)
  to   space 1536K, 0% used [0x00000000d6680000,0x00000000d6680000,0x00000000d6800000)
 ParOldGen       total 68608K, used 39114K [0x0000000080000000, 0x0000000084300000, 0x00000000d5580000)
  object space 68608K, 57% used [0x0000000080000000,0x0000000082632ba8,0x0000000084300000)
 Metaspace       used 54672K, committed 56064K, reserved 1114112K
  class space    used 6030K, committed 6656K, reserved 1048576K
}
Event: 12.453 GC heap before
{Heap before GC invocations=33 (full 2):
 PSYoungGen      total 18432K, used 18368K [0x00000000d5580000, 0x00000000d6980000, 0x0000000100000000)
  eden space 17408K, 100% used [0x00000000d5580000,0x00000000d6680000,0x00000000d6680000)
  from space 1024K, 93% used [0x00000000d6800000,0x00000000d68f0040,0x00000000d6900000)
  to   space 1536K, 0% used [0x00000000d6680000,0x00000000d6680000,0x00000000d6800000)
 ParOldGen       total 68608K, used 39116K [0x0000000080000000, 0x0000000084300000, 0x00000000d5580000)
  object space 68608K, 57% used [0x0000000080000000,0x0000000082633320,0x0000000084300000)
 Metaspace       used 55584K, committed 57088K, reserved 1114112K
  class space    used 6136K, committed 6784K, reserved 1048576K
}
Event: 12.455 GC heap after
{Heap after GC invocations=33 (full 2):
 PSYoungGen      total 18432K, used 814K [0x00000000d5580000, 0x00000000d6880000, 0x0000000100000000)
  eden space 17408K, 0% used [0x00000000d5580000,0x00000000d5580000,0x00000000d6680000)
  from space 1024K, 79% used [0x00000000d6680000,0x00000000d674bbe8,0x00000000d6780000)
  to   space 1024K, 0% used [0x00000000d6780000,0x00000000d6780000,0x00000000d6880000)
 ParOldGen       total 68608K, used 39792K [0x0000000080000000, 0x0000000084300000, 0x00000000d5580000)
  object space 68608K, 57% used [0x0000000080000000,0x00000000826dc208,0x0000000084300000)
 Metaspace       used 55584K, committed 57088K, reserved 1114112K
  class space    used 6136K, committed 6784K, reserved 1048576K
}
Event: 12.543 GC heap before
{Heap before GC invocations=34 (full 2):
 PSYoungGen      total 18432K, used 18222K [0x00000000d5580000, 0x00000000d6880000, 0x0000000100000000)
  eden space 17408K, 100% used [0x00000000d5580000,0x00000000d6680000,0x00000000d6680000)
  from space 1024K, 79% used [0x00000000d6680000,0x00000000d674bbe8,0x00000000d6780000)
  to   space 1024K, 0% used [0x00000000d6780000,0x00000000d6780000,0x00000000d6880000)
 ParOldGen       total 68608K, used 39792K [0x0000000080000000, 0x0000000084300000, 0x00000000d5580000)
  object space 68608K, 57% used [0x0000000080000000,0x00000000826dc208,0x0000000084300000)
 Metaspace       used 55638K, committed 57152K, reserved 1114112K
  class space    used 6137K, committed 6784K, reserved 1048576K
}
Event: 12.544 GC heap after
{Heap after GC invocations=34 (full 2):
 PSYoungGen      total 18432K, used 552K [0x00000000d5580000, 0x00000000d6880000, 0x0000000100000000)
  eden space 17408K, 0% used [0x00000000d5580000,0x00000000d5580000,0x00000000d6680000)
  from space 1024K, 53% used [0x00000000d6780000,0x00000000d680a1e0,0x00000000d6880000)
  to   space 1024K, 0% used [0x00000000d6680000,0x00000000d6680000,0x00000000d6780000)
 ParOldGen       total 68608K, used 40152K [0x0000000080000000, 0x0000000084300000, 0x00000000d5580000)
  object space 68608K, 58% used [0x0000000080000000,0x0000000082736248,0x0000000084300000)
 Metaspace       used 55638K, committed 57152K, reserved 1114112K
  class space    used 6137K, committed 6784K, reserved 1048576K
}
Event: 12.744 GC heap before
{Heap before GC invocations=35 (full 2):
 PSYoungGen      total 18432K, used 17960K [0x00000000d5580000, 0x00000000d6880000, 0x0000000100000000)
  eden space 17408K, 100% used [0x00000000d5580000,0x00000000d6680000,0x00000000d6680000)
  from space 1024K, 53% used [0x00000000d6780000,0x00000000d680a1e0,0x00000000d6880000)
  to   space 1024K, 0% used [0x00000000d6680000,0x00000000d6680000,0x00000000d6780000)
 ParOldGen       total 68608K, used 40152K [0x0000000080000000, 0x0000000084300000, 0x00000000d5580000)
  object space 68608K, 58% used [0x0000000080000000,0x0000000082736248,0x0000000084300000)
 Metaspace       used 56797K, committed 58240K, reserved 1114112K
  class space    used 6245K, committed 6912K, reserved 1048576K
}
Event: 12.747 GC heap after
{Heap after GC invocations=35 (full 2):
 PSYoungGen      total 18432K, used 1012K [0x00000000d5580000, 0x00000000d6b80000, 0x0000000100000000)
  eden space 17408K, 0% used [0x00000000d5580000,0x00000000d5580000,0x00000000d6680000)
  from space 1024K, 98% used [0x00000000d6680000,0x00000000d677d010,0x00000000d6780000)
  to   space 2560K, 0% used [0x00000000d6900000,0x00000000d6900000,0x00000000d6b80000)
 ParOldGen       total 68608K, used 41055K [0x0000000080000000, 0x0000000084300000, 0x00000000d5580000)
  object space 68608K, 59% used [0x0000000080000000,0x0000000082817d68,0x0000000084300000)
 Metaspace       used 56797K, committed 58240K, reserved 1114112K
  class space    used 6245K, committed 6912K, reserved 1048576K
}
Event: 13.822 GC heap before
{Heap before GC invocations=36 (full 2):
 PSYoungGen      total 18432K, used 18420K [0x00000000d5580000, 0x00000000d6b80000, 0x0000000100000000)
  eden space 17408K, 100% used [0x00000000d5580000,0x00000000d6680000,0x00000000d6680000)
  from space 1024K, 98% used [0x00000000d6680000,0x00000000d677d010,0x00000000d6780000)
  to   space 2560K, 0% used [0x00000000d6900000,0x00000000d6900000,0x00000000d6b80000)
 ParOldGen       total 68608K, used 41055K [0x0000000080000000, 0x0000000084300000, 0x00000000d5580000)
  object space 68608K, 59% used [0x0000000080000000,0x0000000082817d68,0x0000000084300000)
 Metaspace       used 57229K, committed 58688K, reserved 1114112K
  class space    used 6287K, committed 6912K, reserved 1048576K
}
Event: 13.824 GC heap after
{Heap after GC invocations=36 (full 2):
 PSYoungGen      total 18432K, used 544K [0x00000000d5580000, 0x00000000d6a00000, 0x0000000100000000)
  eden space 17408K, 0% used [0x00000000d5580000,0x00000000d5580000,0x00000000d6680000)
  from space 1024K, 53% used [0x00000000d6900000,0x00000000d6988000,0x00000000d6a00000)
  to   space 1536K, 0% used [0x00000000d6700000,0x00000000d6700000,0x00000000d6880000)
 ParOldGen       total 68608K, used 42039K [0x0000000080000000, 0x0000000084300000, 0x00000000d5580000)
  object space 68608K, 61% used [0x0000000080000000,0x000000008290dc38,0x0000000084300000)
 Metaspace       used 57229K, committed 58688K, reserved 1114112K
  class space    used 6287K, committed 6912K, reserved 1048576K
}
Event: 13.915 GC heap before
{Heap before GC invocations=37 (full 2):
 PSYoungGen      total 18432K, used 17952K [0x00000000d5580000, 0x00000000d6a00000, 0x0000000100000000)
  eden space 17408K, 100% used [0x00000000d5580000,0x00000000d6680000,0x00000000d6680000)
  from space 1024K, 53% used [0x00000000d6900000,0x00000000d6988000,0x00000000d6a00000)
  to   space 1536K, 0% used [0x00000000d6700000,0x00000000d6700000,0x00000000d6880000)
 ParOldGen       total 68608K, used 42039K [0x0000000080000000, 0x0000000084300000, 0x00000000d5580000)
  object space 68608K, 61% used [0x0000000080000000,0x000000008290dc38,0x0000000084300000)
 Metaspace       used 57789K, committed 59264K, reserved 1114112K
  class space    used 6334K, committed 6976K, reserved 1048576K
}
Event: 13.918 GC heap after
{Heap after GC invocations=37 (full 2):
 PSYoungGen      total 18944K, used 1446K [0x00000000d5580000, 0x00000000d6a80000, 0x0000000100000000)
  eden space 17408K, 0% used [0x00000000d5580000,0x00000000d5580000,0x00000000d6680000)
  from space 1536K, 94% used [0x00000000d6700000,0x00000000d6869820,0x00000000d6880000)
  to   space 2048K, 0% used [0x00000000d6880000,0x00000000d6880000,0x00000000d6a80000)
 ParOldGen       total 68608K, used 42415K [0x0000000080000000, 0x0000000084300000, 0x00000000d5580000)
  object space 68608K, 61% used [0x0000000080000000,0x000000008296bc38,0x0000000084300000)
 Metaspace       used 57789K, committed 59264K, reserved 1114112K
  class space    used 6334K, committed 6976K, reserved 1048576K
}
Event: 13.993 GC heap before
{Heap before GC invocations=38 (full 2):
 PSYoungGen      total 18944K, used 7148K [0x00000000d5580000, 0x00000000d6a80000, 0x0000000100000000)
  eden space 17408K, 32% used [0x00000000d5580000,0x00000000d5b11928,0x00000000d6680000)
  from space 1536K, 94% used [0x00000000d6700000,0x00000000d6869820,0x00000000d6880000)
  to   space 2048K, 0% used [0x00000000d6880000,0x00000000d6880000,0x00000000d6a80000)
 ParOldGen       total 68608K, used 42415K [0x0000000080000000, 0x0000000084300000, 0x00000000d5580000)
  object space 68608K, 61% used [0x0000000080000000,0x000000008296bc38,0x0000000084300000)
 Metaspace       used 58330K, committed 59776K, reserved 1114112K
  class space    used 6395K, committed 7040K, reserved 1048576K
}
Event: 13.997 GC heap after
{Heap after GC invocations=38 (full 2):
 PSYoungGen      total 18432K, used 859K [0x00000000d5580000, 0x00000000d6980000, 0x0000000100000000)
  eden space 17408K, 0% used [0x00000000d5580000,0x00000000d5580000,0x00000000d6680000)
  from space 1024K, 83% used [0x00000000d6880000,0x00000000d6956d70,0x00000000d6980000)
  to   space 1536K, 0% used [0x00000000d6680000,0x00000000d6680000,0x00000000d6800000)
 ParOldGen       total 68608K, used 43541K [0x0000000080000000, 0x0000000084300000, 0x00000000d5580000)
  object space 68608K, 63% used [0x0000000080000000,0x0000000082a857c8,0x0000000084300000)
 Metaspace       used 58330K, committed 59776K, reserved 1114112K
  class space    used 6395K, committed 7040K, reserved 1048576K
}
Event: 13.997 GC heap before
{Heap before GC invocations=39 (full 3):
 PSYoungGen      total 18432K, used 859K [0x00000000d5580000, 0x00000000d6980000, 0x0000000100000000)
  eden space 17408K, 0% used [0x00000000d5580000,0x00000000d5580000,0x00000000d6680000)
  from space 1024K, 83% used [0x00000000d6880000,0x00000000d6956d70,0x00000000d6980000)
  to   space 1536K, 0% used [0x00000000d6680000,0x00000000d6680000,0x00000000d6800000)
 ParOldGen       total 68608K, used 43541K [0x0000000080000000, 0x0000000084300000, 0x00000000d5580000)
  object space 68608K, 63% used [0x0000000080000000,0x0000000082a857c8,0x0000000084300000)
 Metaspace       used 58330K, committed 59776K, reserved 1114112K
  class space    used 6395K, committed 7040K, reserved 1048576K
}
Event: 14.058 GC heap after
{Heap after GC invocations=39 (full 3):
 PSYoungGen      total 18432K, used 0K [0x00000000d5580000, 0x00000000d6980000, 0x0000000100000000)
  eden space 17408K, 0% used [0x00000000d5580000,0x00000000d5580000,0x00000000d6680000)
  from space 1024K, 0% used [0x00000000d6880000,0x00000000d6880000,0x00000000d6980000)
  to   space 1536K, 0% used [0x00000000d6680000,0x00000000d6680000,0x00000000d6800000)
 ParOldGen       total 68608K, used 41537K [0x0000000080000000, 0x0000000084300000, 0x00000000d5580000)
  object space 68608K, 60% used [0x0000000080000000,0x00000000828905e8,0x0000000084300000)
 Metaspace       used 58323K, committed 59776K, reserved 1114112K
  class space    used 6393K, committed 7040K, reserved 1048576K
}

