# JRE version: OpenJDK Runtime Environment Temurin-21.0.9+10 (21.0.9+10) (build 21.0.9+10-LTS)
# Java VM: OpenJDK 64-Bit Server VM Temurin-21.0.9+10 (21.0.9+10-LTS, mixed mode, sharing, tiered, compressed oops, compressed class ptrs, parallel gc, windows-amd64)
GC Precious Log:
 CardTable entry size: 512
 CPUs: 12 total, 12 available
 Memory: 7863M
 Large Page Support: Disabled
 NUMA Support: Disabled
 Compressed Oops: Enabled (32-bit)
 Alignments: Space 512K, Generation 512K, Heap 2M
 Heap Min Capacity: 100M
 Heap Initial Capacity: 100M
 Heap Max Capacity: 2G
 Pre-touch: Disabled
 Parallel Workers: 10
Heap:
 PSYoungGen      total 20480K, used 20064K [0x00000000d5580000, 0x00000000d6d00000, 0x0000000100000000)
  eden space 19968K, 100% used [0x00000000d5580000,0x00000000d6900000,0x00000000d6900000)
  from space 512K, 18% used [0x00000000d6c80000,0x00000000d6c98000,0x00000000d6d00000)
  to   space 512K, 0% used [0x00000000d6900000,0x00000000d6900000,0x00000000d6980000)
 ParOldGen       total 68608K, used 37887K [0x0000000080000000, 0x0000000084300000, 0x00000000d5580000)
  object space 68608K, 55% used [0x0000000080000000,0x00000000824fff40,0x0000000084300000)
 Metaspace       used 58411K, committed 59968K, reserved 1114112K
  class space    used 6371K, committed 6976K, reserved 1048576K
GC Heap History (20 events):
Event: 155.292 GC heap before
{Heap before GC invocations=172 (full 3):
 PSYoungGen      total 20480K, used 20032K [0x00000000d5580000, 0x00000000d6d00000, 0x0000000100000000)
  eden space 19968K, 100% used [0x00000000d5580000,0x00000000d6900000,0x00000000d6900000)
  from space 512K, 12% used [0x00000000d6c80000,0x00000000d6c90000,0x00000000d6d00000)
  to   space 512K, 0% used [0x00000000d6900000,0x00000000d6900000,0x00000000d6980000)
 ParOldGen       total 68608K, used 37887K [0x0000000080000000, 0x0000000084300000, 0x00000000d5580000)
  object space 68608K, 55% used [0x0000000080000000,0x00000000824fff40,0x0000000084300000)
 Metaspace       used 58372K, committed 59904K, reserved 1114112K
  class space    used 6368K, committed 6976K, reserved 1048576K
}
Event: 155.292 GC heap after
{Heap after GC invocations=172 (full 3):
 PSYoungGen      total 20480K, used 64K [0x00000000d5580000, 0x00000000d6d00000, 0x0000000100000000)
  eden space 19968K, 0% used [0x00000000d5580000,0x00000000d5580000,0x00000000d6900000)
  from space 512K, 12% used [0x00000000d6900000,0x00000000d6910000,0x00000000d6980000)
  to   space 512K, 0% used [0x00000000d6c80000,0x00000000d6c80000,0x00000000d6d00000)
 ParOldGen       total 68608K, used 37887K [0x0000000080000000, 0x0000000084300000, 0x00000000d5580000)
  object space 68608K, 55% used [0x0000000080000000,0x00000000824fff40,0x0000000084300000)
 Metaspace       used 58372K, committed 59904K, reserved 1114112K
  class space    used 6368K, committed 6976K, reserved 1048576K
}
Event: 155.352 GC heap before
{Heap before GC invocations=173 (full 3):
 PSYoungGen      total 20480K, used 20032K [0x00000000d5580000, 0x00000000d6d00000, 0x0000000100000000)
  eden space 19968K, 100% used [0x00000000d5580000,0x00000000d6900000,0x00000000d6900000)
  from space 512K, 12% used [0x00000000d6900000,0x00000000d6910000,0x00000000d6980000)
  to   space 512K, 0% used [0x00000000d6c80000,0x00000000d6c80000,0x00000000d6d00000)
 ParOldGen       total 68608K, used 37887K [0x0000000080000000, 0x0000000084300000, 0x00000000d5580000)
  object space 68608K, 55% used [0x0000000080000000,0x00000000824fff40,0x0000000084300000)
 Metaspace       used 58372K, committed 59904K, reserved 1114112K
  class space    used 6368K, committed 6976K, reserved 1048576K
}
Event: 155.353 GC heap after
{Heap after GC invocations=173 (full 3):
 PSYoungGen      total 20480K, used 64K [0x00000000d5580000, 0x00000000d6d00000, 0x0000000100000000)
  eden space 19968K, 0% used [0x00000000d5580000,0x00000000d5580000,0x00000000d6900000)
  from space 512K, 12% used [0x00000000d6c80000,0x00000000d6c90000,0x00000000d6d00000)
  to   space 512K, 0% used [0x00000000d6900000,0x00000000d6900000,0x00000000d6980000)
 ParOldGen       total 68608K, used 37887K [0x0000000080000000, 0x0000000084300000, 0x00000000d5580000)
  object space 68608K, 55% used [0x0000000080000000,0x00000000824fff40,0x0000000084300000)
 Metaspace       used 58372K, committed 59904K, reserved 1114112K
  class space    used 6368K, committed 6976K, reserved 1048576K
}
Event: 155.395 GC heap before
{Heap before GC invocations=174 (full 3):
 PSYoungGen      total 20480K, used 20032K [0x00000000d5580000, 0x00000000d6d00000, 0x0000000100000000)
  eden space 19968K, 100% used [0x00000000d5580000,0x00000000d6900000,0x00000000d6900000)
  from space 512K, 12% used [0x00000000d6c80000,0x00000000d6c90000,0x00000000d6d00000)
  to   space 512K, 0% used [0x00000000d6900000,0x00000000d6900000,0x00000000d6980000)
 ParOldGen       total 68608K, used 37887K [0x0000000080000000, 0x0000000084300000, 0x00000000d5580000)
  object space 68608K, 55% used [0x0000000080000000,0x00000000824fff40,0x0000000084300000)
 Metaspace       used 58372K, committed 59904K, reserved 1114112K
  class space    used 6368K, committed 6976K, reserved 1048576K
}
Event: 155.395 GC heap after
{Heap after GC invocations=174 (full 3):
 PSYoungGen      total 20480K, used 128K [0x00000000d5580000, 0x00000000d6d00000, 0x0000000100000000)
  eden space 19968K, 0% used [0x00000000d5580000,0x00000000d5580000,0x00000000d6900000)
  from space 512K, 25% used [0x00000000d6900000,0x00000000d6920000,0x00000000d6980000)
  to   space 512K, 0% used [0x00000000d6c80000,0x00000000d6c80000,0x00000000d6d00000)
 ParOldGen       total 68608K, used 37887K [0x0000000080000000, 0x0000000084300000, 0x00000000d5580000)
  object space 68608K, 55% used [0x0000000080000000,0x00000000824fff40,0x0000000084300000)
 Metaspace       used 58372K, committed 59904K, reserved 1114112K
  class space    used 6368K, committed 6976K, reserved 1048576K
}
Event: 155.445 GC heap before
{Heap before GC invocations=175 (full 3):
 PSYoungGen      total 20480K, used 20096K [0x00000000d5580000, 0x00000000d6d00000, 0x0000000100000000)
  eden space 19968K, 100% used [0x00000000d5580000,0x00000000d6900000,0x00000000d6900000)
  from space 512K, 25% used [0x00000000d6900000,0x00000000d6920000,0x00000000d6980000)
  to   space 512K, 0% used [0x00000000d6c80000,0x00000000d6c80000,0x00000000d6d00000)
 ParOldGen       total 68608K, used 37887K [0x0000000080000000, 0x0000000084300000, 0x00000000d5580000)
  object space 68608K, 55% used [0x0000000080000000,0x00000000824fff40,0x0000000084300000)
 Metaspace       used 58372K, committed 59904K, reserved 1114112K
  class space    used 6368K, committed 6976K, reserved 1048576K
}
Event: 155.446 GC heap after
{Heap after GC invocations=175 (full 3):
 PSYoungGen      total 20480K, used 96K [0x00000000d5580000, 0x00000000d6d00000, 0x0000000100000000)
  eden space 19968K, 0% used [0x00000000d5580000,0x00000000d5580000,0x00000000d6900000)
  from space 512K, 18% used [0x00000000d6c80000,0x00000000d6c98000,0x00000000d6d00000)
  to   space 512K, 0% used [0x00000000d6900000,0x00000000d6900000,0x00000000d6980000)
 ParOldGen       total 68608K, used 37887K [0x0000000080000000, 0x0000000084300000, 0x00000000d5580000)
  object space 68608K, 55% used [0x0000000080000000,0x00000000824fff40,0x0000000084300000)
 Metaspace       used 58372K, committed 59904K, reserved 1114112K
  class space    used 6368K, committed 6976K, reserved 1048576K
}
Event: 155.503 GC heap before
{Heap before GC invocations=176 (full 3):
 PSYoungGen      total 20480K, used 20064K [0x00000000d5580000, 0x00000000d6d00000, 0x0000000100000000)
  eden space 19968K, 100% used [0x00000000d5580000,0x00000000d6900000,0x00000000d6900000)
  from space 512K, 18% used [0x00000000d6c80000,0x00000000d6c98000,0x00000000d6d00000)
  to   space 512K, 0% used [0x00000000d6900000,0x00000000d6900000,0x00000000d6980000)
 ParOldGen       total 68608K, used 37887K [0x0000000080000000, 0x0000000084300000, 0x00000000d5580000)
  object space 68608K, 55% used [0x0000000080000000,0x00000000824fff40,0x0000000084300000)
 Metaspace       used 58372K, committed 59904K, reserved 1114112K
  class space    used 6368K, committed 6976K, reserved 1048576K
}
Event: 155.504 GC heap after
{Heap after GC invocations=176 (full 3):
 PSYoungGen      total 20480K, used 128K [0x00000000d5580000, 0x00000000d6d00000, 0x0000000100000000)
  eden space 19968K, 0% used [0x00000000d5580000,0x00000000d5580000,0x00000000d6900000)
  from space 512K, 25% used [0x00000000d6900000,0x00000000d6920000,0x00000000d6980000)
  to   space 512K, 0% used [0x00000000d6c80000,0x00000000d6c80000,0x00000000d6d00000)
 ParOldGen       total 68608K, used 37887K [0x0000000080000000, 0x0000000084300000, 0x00000000d5580000)
  object space 68608K, 55% used [0x0000000080000000,0x00000000824fff40,0x0000000084300000)
 Metaspace       used 58372K, committed 59904K, reserved 1114112K
  class space    used 6368K, committed 6976K, reserved 1048576K
}
Event: 155.574 GC heap before
{Heap before GC invocations=177 (full 3):
 PSYoungGen      total 20480K, used 20096K [0x00000000d5580000, 0x00000000d6d00000, 0x0000000100000000)
  eden space 19968K, 100% used [0x00000000d5580000,0x00000000d6900000,0x00000000d6900000)
  from space 512K, 25% used [0x00000000d6900000,0x00000000d6920000,0x00000000d6980000)
  to   space 512K, 0% used [0x00000000d6c80000,0x00000000d6c80000,0x00000000d6d00000)
 ParOldGen       total 68608K, used 37887K [0x0000000080000000, 0x0000000084300000, 0x00000000d5580000)
  object space 68608K, 55% used [0x0000000080000000,0x00000000824fff40,0x0000000084300000)
 Metaspace       used 58372K, committed 59904K, reserved 1114112K
  class space    used 6368K, committed 6976K, reserved 1048576K
}
Event: 155.575 GC heap after
{Heap after GC invocations=177 (full 3):
 PSYoungGen      total 20480K, used 64K [0x00000000d5580000, 0x00000000d6d00000, 0x0000000100000000)
  eden space 19968K, 0% used [0x00000000d5580000,0x00000000d5580000,0x00000000d6900000)
  from space 512K, 12% used [0x00000000d6c80000,0x00000000d6c90000,0x00000000d6d00000)
  to   space 512K, 0% used [0x00000000d6900000,0x00000000d6900000,0x00000000d6980000)
 ParOldGen       total 68608K, used 37887K [0x0000000080000000, 0x0000000084300000, 0x00000000d5580000)
  object space 68608K, 55% used [0x0000000080000000,0x00000000824fff40,0x0000000084300000)
 Metaspace       used 58372K, committed 59904K, reserved 1114112K
  class space    used 6368K, committed 6976K, reserved 1048576K
}
Event: 155.634 GC heap before
{Heap before GC invocations=178 (full 3):
 PSYoungGen      total 20480K, used 20032K [0x00000000d5580000, 0x00000000d6d00000, 0x0000000100000000)
  eden space 19968K, 100% used [0x00000000d5580000,0x00000000d6900000,0x00000000d6900000)
  from space 512K, 12% used [0x00000000d6c80000,0x00000000d6c90000,0x00000000d6d00000)
  to   space 512K, 0% used [0x00000000d6900000,0x00000000d6900000,0x00000000d6980000)
 ParOldGen       total 68608K, used 37887K [0x0000000080000000, 0x0000000084300000, 0x00000000d5580000)
  object space 68608K, 55% used [0x0000000080000000,0x00000000824fff40,0x0000000084300000)
 Metaspace       used 58372K, committed 59904K, reserved 1114112K
  class space    used 6368K, committed 6976K, reserved 1048576K
}
Event: 155.635 GC heap after
{Heap after GC invocations=178 (full 3):
 PSYoungGen      total 20480K, used 96K [0x00000000d5580000, 0x00000000d6d00000, 0x0000000100000000)
  eden space 19968K, 0% used [0x00000000d5580000,0x00000000d5580000,0x00000000d6900000)
  from space 512K, 18% used [0x00000000d6900000,0x00000000d6918000,0x00000000d6980000)
  to   space 512K, 0% used [0x00000000d6c80000,0x00000000d6c80000,0x00000000d6d00000)
 ParOldGen       total 68608K, used 37887K [0x0000000080000000, 0x0000000084300000, 0x00000000d5580000)
  object space 68608K, 55% used [0x0000000080000000,0x00000000824fff40,0x0000000084300000)
 Metaspace       used 58372K, committed 59904K, reserved 1114112K
  class space    used 6368K, committed 6976K, reserved 1048576K
}
Event: 155.680 GC heap before
{Heap before GC invocations=179 (full 3):
 PSYoungGen      total 20480K, used 20064K [0x00000000d5580000, 0x00000000d6d00000, 0x0000000100000000)
  eden space 19968K, 100% used [0x00000000d5580000,0x00000000d6900000,0x00000000d6900000)
  from space 512K, 18% used [0x00000000d6900000,0x00000000d6918000,0x00000000d6980000)
  to   space 512K, 0% used [0x00000000d6c80000,0x00000000d6c80000,0x00000000d6d00000)
 ParOldGen       total 68608K, used 37887K [0x0000000080000000, 0x0000000084300000, 0x00000000d5580000)
  object space 68608K, 55% used [0x0000000080000000,0x00000000824fff40,0x0000000084300000)
 Metaspace       used 58372K, committed 59904K, reserved 1114112K
  class space    used 6368K, committed 6976K, reserved 1048576K
}
Event: 155.681 GC heap after
{Heap after GC invocations=179 (full 3):
 PSYoungGen      total 20480K, used 96K [0x00000000d5580000, 0x00000000d6d00000, 0x0000000100000000)
  eden space 19968K, 0% used [0x00000000d5580000,0x00000000d5580000,0x00000000d6900000)
  from space 512K, 18% used [0x00000000d6c80000,0x00000000d6c98000,0x00000000d6d00000)
  to   space 512K, 0% used [0x00000000d6900000,0x00000000d6900000,0x00000000d6980000)
 ParOldGen       total 68608K, used 37887K [0x0000000080000000, 0x0000000084300000, 0x00000000d5580000)
  object space 68608K, 55% used [0x0000000080000000,0x00000000824fff40,0x0000000084300000)
 Metaspace       used 58372K, committed 59904K, reserved 1114112K
  class space    used 6368K, committed 6976K, reserved 1048576K
}
Event: 155.721 GC heap before
{Heap before GC invocations=180 (full 3):
 PSYoungGen      total 20480K, used 20064K [0x00000000d5580000, 0x00000000d6d00000, 0x0000000100000000)
  eden space 19968K, 100% used [0x00000000d5580000,0x00000000d6900000,0x00000000d6900000)
  from space 512K, 18% used [0x00000000d6c80000,0x00000000d6c98000,0x00000000d6d00000)
  to   space 512K, 0% used [0x00000000d6900000,0x00000000d6900000,0x00000000d6980000)
 ParOldGen       total 68608K, used 37887K [0x0000000080000000, 0x0000000084300000, 0x00000000d5580000)
  object space 68608K, 55% used [0x0000000080000000,0x00000000824fff40,0x0000000084300000)
 Metaspace       used 58372K, committed 59904K, reserved 1114112K
  class space    used 6368K, committed 6976K, reserved 1048576K
}
Event: 155.721 GC heap after
{Heap after GC invocations=180 (full 3):
 PSYoungGen      total 20480K, used 160K [0x00000000d5580000, 0x00000000d6d00000, 0x0000000100000000)
  eden space 19968K, 0% used [0x00000000d5580000,0x00000000d5580000,0x00000000d6900000)
  from space 512K, 31% used [0x00000000d6900000,0x00000000d6928000,0x00000000d6980000)
  to   space 512K, 0% used [0x00000000d6c80000,0x00000000d6c80000,0x00000000d6d00000)
 ParOldGen       total 68608K, used 37887K [0x0000000080000000, 0x0000000084300000, 0x00000000d5580000)
  object space 68608K, 55% used [0x0000000080000000,0x00000000824fff40,0x0000000084300000)
 Metaspace       used 58372K, committed 59904K, reserved 1114112K
  class space    used 6368K, committed 6976K, reserved 1048576K
}
Event: 155.779 GC heap before
{Heap before GC invocations=181 (full 3):
 PSYoungGen      total 20480K, used 20128K [0x00000000d5580000, 0x00000000d6d00000, 0x0000000100000000)
  eden space 19968K, 100% used [0x00000000d5580000,0x00000000d6900000,0x00000000d6900000)
  from space 512K, 31% used [0x00000000d6900000,0x00000000d6928000,0x00000000d6980000)
  to   space 512K, 0% used [0x00000000d6c80000,0x00000000d6c80000,0x00000000d6d00000)
 ParOldGen       total 68608K, used 37887K [0x0000000080000000, 0x0000000084300000, 0x00000000d5580000)
  object space 68608K, 55% used [0x0000000080000000,0x00000000824fff40,0x0000000084300000)
 Metaspace       used 58372K, committed 59904K, reserved 1114112K
  class space    used 6368K, committed 6976K, reserved 1048576K
}
Event: 155.780 GC heap after
{Heap after GC invocations=181 (full 3):
 PSYoungGen      total 20480K, used 96K [0x00000000d5580000, 0x00000000d6d00000, 0x0000000100000000)
  eden space 19968K, 0% used [0x00000000d5580000,0x00000000d5580000,0x00000000d6900000)
  from space 512K, 18% used [0x00000000d6c80000,0x00000000d6c98000,0x00000000d6d00000)
  to   space 512K, 0% used [0x00000000d6900000,0x00000000d6900000,0x00000000d6980000)
 ParOldGen       total 68608K, used 37887K [0x0000000080000000, 0x0000000084300000, 0x00000000d5580000)
  object space 68608K, 55% used [0x0000000080000000,0x00000000824fff40,0x0000000084300000)
 Metaspace       used 58372K, committed 59904K, reserved 1114112K
  class space    used 6368K, committed 6976K, reserved 1048576K
}

